生成启动时间为 2014/8/3 10:30:05。
     1>项目“D:\CrackAndPrograms\C++\OpenGL\PlaneWar v1.1\Project\Project\Project.vcxproj”在节点 2 上(Build 个目标)。
     1>ClCompile:
         E:\Program Files (x86)\Microsoft Visual Studio 12.0\VC\bin\CL.exe /c /Zi /nologo /W3 /WX- /O2 /Oi /Oy- /GL /D WIN32 /D NDEBUG /D _CONSOLE /D _USING_V110_SDK71_ /D _UNICODE /D UNICODE /Gm- /EHsc /MT /GS /Gy /fp:precise /Zc:wchar_t /Zc:forScope /Fo"Release\\" /Fd"Release\vc120.pdb" /Gd /TP /analyze- /errorReport:prompt main.cpp map.cpp
         main.cpp
         map.cpp
     1>map.cpp(8): warning C4018: “<”: 有符号/无符号不匹配
     1>map.cpp(197): warning C4018: “<”: 有符号/无符号不匹配
     1>map.cpp(204): warning C4018: “<”: 有符号/无符号不匹配
     1>map.cpp(229): warning C4018: “<”: 有符号/无符号不匹配
     1>map.cpp(236): warning C4018: “<”: 有符号/无符号不匹配
     1>map.cpp(254): warning C4244: “初始化”: 从“float”转换到“int”，可能丢失数据
     1>map.cpp(255): warning C4244: “初始化”: 从“float”转换到“int”，可能丢失数据
     1>map.cpp(256): warning C4244: “初始化”: 从“float”转换到“int”，可能丢失数据
     1>map.cpp(257): warning C4244: “初始化”: 从“float”转换到“int”，可能丢失数据
       Link:
         E:\Program Files (x86)\Microsoft Visual Studio 12.0\VC\bin\link.exe /ERRORREPORT:PROMPT /OUT:"D:\CrackAndPrograms\C++\OpenGL\PlaneWar v1.1\Project\Release\Project.exe" /INCREMENTAL:NO /NOLOGO /MANIFEST /MANIFESTUAC:"level='asInvoker' uiAccess='false'" /manifest:embed /manifestinput:"E:\Program Files (x86)\Microsoft Visual Studio 12.0\VC\Include\Manifest\dpiaware.manifest" /DEBUG /PDB:"D:\CrackAndPrograms\C++\OpenGL\PlaneWar v1.1\Project\Release\Project.pdb" /SUBSYSTEM:CONSOLE,"5.01" /OPT:REF /OPT:ICF /LTCG /TLBID:1 /DYNAMICBASE /NXCOMPAT /IMPLIB:"D:\CrackAndPrograms\C++\OpenGL\PlaneWar v1.1\Project\Release\Project.lib" /MACHINE:X86 /SAFESEH Release\main.obj
         Release\map.obj
         正在生成代码
         已完成代码的生成
         Project.vcxproj -> D:\CrackAndPrograms\C++\OpenGL\PlaneWar v1.1\Project\Release\Project.exe
     1>已完成生成项目“D:\CrackAndPrograms\C++\OpenGL\PlaneWar v1.1\Project\Project\Project.vcxproj”(Build 个目标)的操作。

生成成功。

已用时间 00:00:05.64
